<?xml version="1.0" encoding="UTF-8" ?>
<testsuite failures="0" time="0.079" errors="2" skipped="0" tests="4" name="cc.mallet.fst.tests.TestMEMM">
  <properties>
    <property name="java.runtime.name" value="Java(TM) SE Runtime Environment"/>
    <property name="sun.boot.library.path" value="F:\Eclipse 3.4.2\Eclipse_CS3343\jdk1.7.0_67\jre\bin"/>
    <property name="java.vm.version" value="24.65-b04"/>
    <property name="java.vm.vendor" value="Oracle Corporation"/>
    <property name="maven.multiModuleProjectDirectory" value="C:\Users\Tassadar\eclipse\CodeBigBro\lib\mallet-2.0.8RC2"/>
    <property name="java.vendor.url" value="http://java.oracle.com/"/>
    <property name="path.separator" value=";"/>
    <property name="guice.disable.misplaced.annotation.check" value="true"/>
    <property name="java.vm.name" value="Java HotSpot(TM) Client VM"/>
    <property name="file.encoding.pkg" value="sun.io"/>
    <property name="user.script" value=""/>
    <property name="user.country" value="CN"/>
    <property name="sun.java.launcher" value="SUN_STANDARD"/>
    <property name="sun.os.patch.level" value="Service Pack 1"/>
    <property name="java.vm.specification.name" value="Java Virtual Machine Specification"/>
    <property name="user.dir" value="C:\Users\Tassadar\eclipse\CodeBigBro\lib\mallet-2.0.8RC2"/>
    <property name="java.runtime.version" value="1.7.0_67-b01"/>
    <property name="java.awt.graphicsenv" value="sun.awt.Win32GraphicsEnvironment"/>
    <property name="java.endorsed.dirs" value="F:\Eclipse 3.4.2\Eclipse_CS3343\jdk1.7.0_67\jre\lib\endorsed"/>
    <property name="os.arch" value="x86"/>
    <property name="java.io.tmpdir" value="C:\Users\Tassadar\AppData\Local\Temp\"/>
    <property name="line.separator" value="
"/>
    <property name="java.vm.specification.vendor" value="Oracle Corporation"/>
    <property name="user.variant" value=""/>
    <property name="os.name" value="Windows 7"/>
    <property name="classworlds.conf" value="F:\Eclipse 3.4.2\Eclipse_CS3343\apache-maven-3.3.3-bin\apache-maven-3.3.3\bin\m2.conf"/>
    <property name="sun.jnu.encoding" value="GBK"/>
    <property name="java.library.path" value="F:\Eclipse 3.4.2\Eclipse_CS3343\jdk1.7.0_67\bin;C:\Windows\Sun\Java\bin;C:\Windows\system32;C:\Windows;F:\Database\product\11.2.0\dbhome_2\bin;c:\Program Files (x86)\AMD APP\bin\x86_64;c:\Program Files (x86)\AMD APP\bin\x86;C:\Program Files (x86)\Intel\iCLS Client\;C:\Program Files\Intel\iCLS Client\;C:\Windows\system32;C:\Windows;C:\Windows\System32\Wbem;C:\Windows\System32\WindowsPowerShell\v1.0\;C:\Program Files\Intel\Intel(R) Management Engine Components\DAL;C:\Program Files\Intel\Intel(R) Management Engine Components\IPT;C:\Program Files (x86)\Intel\Intel(R) Management Engine Components\DAL;C:\Program Files (x86)\Intel\Intel(R) Management Engine Components\IPT;c:\Program Files (x86)\ATI Technologies\ATI.ACE\Core-Static;C:\Program Files\WIDCOMM\Bluetooth Software\;C:\Program Files\WIDCOMM\Bluetooth Software\syswow64;;C:\Program Files (x86)\GNU\GnuPG\pub;%java_home%\bin;C:\Program Files (x86)\Skype\Phone\;C:\Users\Tassadar\AppData\Local\Programs\Python\Python35-32\Scripts\;C:\Users\Tassadar\AppData\Local\Programs\Python\Python35-32\;C:\ProgramData\Oracle\Java\javapath;F:\Database\product\11.2.0\dbhome_2\bin;c:\Program Files (x86)\AMD APP\bin\x86_64;c:\Program Files (x86)\AMD APP\bin\x86;C:\Program Files (x86)\Intel\iCLS Client\;C:\Program Files\Intel\iCLS Client\;C:\Windows\system32;C:\Windows;C:\Windows\System32\Wbem;C:\Windows\System32\WindowsPowerShell\v1.0\;C:\Program Files\Intel\Intel(R) Management Engine Components\DAL;C:\Program Files\Intel\Intel(R) Management Engine Components\IPT;C:\Program Files (x86)\Intel\Intel(R) Management Engine Components\DAL;C:\Program Files (x86)\Intel\Intel(R) Management Engine Components\IPT;c:\Program Files (x86)\ATI Technologies\ATI.ACE\Core-Static;C:\Program Files\WIDCOMM\Bluetooth Software\;C:\Program Files\WIDCOMM\Bluetooth Software\syswow64;;C:\Program Files (x86)\GNU\GnuPG\pub;C:\Program Files (x86)\Skype\Phone\;F:\Eclipse 3.4.2\grails-2.5.0\bin;F:\Eclipse 3.4.2\Eclipse_CS3343\jdk1.7.0_67\bin;F:\Eclipse 3.4.2\Eclipse_CS3343\apache-maven-3.3.3-bin\apache-maven-3.3.3\bin;."/>
    <property name="java.specification.name" value="Java Platform API Specification"/>
    <property name="java.class.version" value="51.0"/>
    <property name="sun.management.compiler" value="HotSpot Client Compiler"/>
    <property name="os.version" value="6.1"/>
    <property name="user.home" value="C:\Users\Tassadar"/>
    <property name="user.timezone" value="Asia/Shanghai"/>
    <property name="java.awt.printerjob" value="sun.awt.windows.WPrinterJob"/>
    <property name="java.specification.version" value="1.7"/>
    <property name="file.encoding" value="GBK"/>
    <property name="user.name" value="Tassadar"/>
    <property name="java.class.path" value="F:\Eclipse 3.4.2\Eclipse_CS3343\apache-maven-3.3.3-bin\apache-maven-3.3.3\boot\plexus-classworlds-2.5.2.jar"/>
    <property name="java.vm.specification.version" value="1.7"/>
    <property name="sun.arch.data.model" value="32"/>
    <property name="java.home" value="F:\Eclipse 3.4.2\Eclipse_CS3343\jdk1.7.0_67\jre"/>
    <property name="sun.java.command" value="org.codehaus.plexus.classworlds.launcher.Launcher package"/>
    <property name="java.specification.vendor" value="Oracle Corporation"/>
    <property name="user.language" value="zh"/>
    <property name="awt.toolkit" value="sun.awt.windows.WToolkit"/>
    <property name="java.vm.info" value="mixed mode, sharing"/>
    <property name="java.version" value="1.7.0_67"/>
    <property name="java.ext.dirs" value="F:\Eclipse 3.4.2\Eclipse_CS3343\jdk1.7.0_67\jre\lib\ext;C:\Windows\Sun\Java\lib\ext"/>
    <property name="sun.boot.class.path" value="F:\Eclipse 3.4.2\Eclipse_CS3343\jdk1.7.0_67\jre\lib\resources.jar;F:\Eclipse 3.4.2\Eclipse_CS3343\jdk1.7.0_67\jre\lib\rt.jar;F:\Eclipse 3.4.2\Eclipse_CS3343\jdk1.7.0_67\jre\lib\sunrsasign.jar;F:\Eclipse 3.4.2\Eclipse_CS3343\jdk1.7.0_67\jre\lib\jsse.jar;F:\Eclipse 3.4.2\Eclipse_CS3343\jdk1.7.0_67\jre\lib\jce.jar;F:\Eclipse 3.4.2\Eclipse_CS3343\jdk1.7.0_67\jre\lib\charsets.jar;F:\Eclipse 3.4.2\Eclipse_CS3343\jdk1.7.0_67\jre\lib\jfr.jar;F:\Eclipse 3.4.2\Eclipse_CS3343\jdk1.7.0_67\jre\classes"/>
    <property name="java.vendor" value="Oracle Corporation"/>
    <property name="maven.home" value="F:\Eclipse 3.4.2\Eclipse_CS3343\apache-maven-3.3.3-bin\apache-maven-3.3.3"/>
    <property name="file.separator" value="\"/>
    <property name="java.vendor.url.bug" value="http://bugreport.sun.com/bugreport/"/>
    <property name="sun.cpu.endian" value="little"/>
    <property name="sun.io.unicode.encoding" value="UnicodeLittle"/>
    <property name="sun.desktop" value="windows"/>
    <property name="sun.cpu.isalist" value="pentium_pro+mmx pentium_pro pentium+mmx pentium i486 i386 i86"/>
  </properties>
  <testcase time="0.002" classname="cc.mallet.fst.tests.TestMEMM" name="testGetSetParameters"/>
  <testcase time="0" classname="cc.mallet.fst.tests.TestMEMM" name="testIncrement"/>
  <testcase time="0.037" classname="cc.mallet.fst.tests.TestMEMM" name="testSpaceMaximizable">
    <error message="sy = 83.87438991729655 &gt; 0" type="cc.mallet.optimize.InvalidOptimizableException">cc.mallet.optimize.InvalidOptimizableException: sy = 83.87438991729655 &gt; 0
	at cc.mallet.optimize.LimitedMemoryBFGS.optimize(LimitedMemoryBFGS.java:201)
	at cc.mallet.fst.MEMMTrainer.train(MEMMTrainer.java:124)
	at cc.mallet.fst.tests.TestMEMM.testSpaceMaximizable(TestMEMM.java:127)
	at sun.reflect.NativeMethodAccessorImpl.invoke0(Native Method)
	at sun.reflect.NativeMethodAccessorImpl.invoke(NativeMethodAccessorImpl.java:57)
	at sun.reflect.DelegatingMethodAccessorImpl.invoke(DelegatingMethodAccessorImpl.java:43)
	at java.lang.reflect.Method.invoke(Method.java:606)
	at junit.framework.TestCase.runTest(TestCase.java:168)
	at junit.framework.TestCase.runBare(TestCase.java:134)
	at junit.framework.TestResult$1.protect(TestResult.java:110)
	at junit.framework.TestResult.runProtected(TestResult.java:128)
	at junit.framework.TestResult.run(TestResult.java:113)
	at junit.framework.TestCase.run(TestCase.java:124)
	at junit.framework.TestSuite.runTest(TestSuite.java:243)
	at junit.framework.TestSuite.run(TestSuite.java:238)
	at org.junit.internal.runners.JUnit38ClassRunner.run(JUnit38ClassRunner.java:83)
	at org.apache.maven.surefire.junit4.JUnit4Provider.execute(JUnit4Provider.java:252)
	at org.apache.maven.surefire.junit4.JUnit4Provider.executeTestSet(JUnit4Provider.java:141)
	at org.apache.maven.surefire.junit4.JUnit4Provider.invoke(JUnit4Provider.java:112)
	at sun.reflect.NativeMethodAccessorImpl.invoke0(Native Method)
	at sun.reflect.NativeMethodAccessorImpl.invoke(NativeMethodAccessorImpl.java:57)
	at sun.reflect.DelegatingMethodAccessorImpl.invoke(DelegatingMethodAccessorImpl.java:43)
	at java.lang.reflect.Method.invoke(Method.java:606)
	at org.apache.maven.surefire.util.ReflectionUtils.invokeMethodWithArray(ReflectionUtils.java:189)
	at org.apache.maven.surefire.booter.ProviderFactory$ProviderProxy.invoke(ProviderFactory.java:165)
	at org.apache.maven.surefire.booter.ProviderFactory.invokeProvider(ProviderFactory.java:85)
	at org.apache.maven.surefire.booter.ForkedBooter.runSuitesInProcess(ForkedBooter.java:115)
	at org.apache.maven.surefire.booter.ForkedBooter.main(ForkedBooter.java:75)
</error>
    <system-out>State #0 &quot;start&quot;
initialWeight=0.0, finalWeight=0.0
#destinations=2
-&gt; start
-&gt; notstart
State #1 &quot;notstart&quot;
initialWeight=0.0, finalWeight=0.0
#destinations=2
-&gt; start
-&gt; notstart
State #2 &quot;&lt;START&gt;&quot;
initialWeight=0.0, finalWeight=0.0
#destinations=2
-&gt; start
-&gt; notstart
</system-out>
    <system-err>十月 01, 2015 4:28:25 下午 cc.mallet.fst.CRF addFullyConnectedStatesForLabels
信息: CRF: outputAlphabet.lookup class = java.lang.String
十月 01, 2015 4:28:25 下午 cc.mallet.fst.CRF addFullyConnectedStatesForLabels
信息: CRF: outputAlphabet.lookup class = java.lang.String
十月 01, 2015 4:28:25 下午 cc.mallet.fst.CRF setWeightsDimensionAsIn
信息: CRF weights[start-&gt;start:start] num features = 34
十月 01, 2015 4:28:25 下午 cc.mallet.fst.CRF setWeightsDimensionAsIn
信息: CRF weights[start-&gt;notstart:notstart] num features = 312
十月 01, 2015 4:28:25 下午 cc.mallet.fst.CRF setWeightsDimensionAsIn
信息: CRF weights[notstart-&gt;start:start] num features = 374
十月 01, 2015 4:28:25 下午 cc.mallet.fst.CRF setWeightsDimensionAsIn
信息: CRF weights[notstart-&gt;notstart:notstart] num features = 681
十月 01, 2015 4:28:25 下午 cc.mallet.fst.CRF setWeightsDimensionAsIn
信息: CRF weights[&lt;START&gt;-&gt;start:start] num features = 32
十月 01, 2015 4:28:25 下午 cc.mallet.fst.CRF setWeightsDimensionAsIn
信息: CRF weights[&lt;START&gt;-&gt;notstart:notstart] num features = 0
十月 01, 2015 4:28:25 下午 cc.mallet.fst.CRF setWeightsDimensionAsIn
信息: Number of weights = 1439
十月 01, 2015 4:28:25 下午 cc.mallet.fst.MEMMTrainer train
信息: CRF about to train with 1 iterations
十月 01, 2015 4:28:25 下午 cc.mallet.fst.CRFOptimizableByLabelLikelihood getValue
信息: getValue() (loglikelihood, optimizable by label likelihood) = -2788.5311073927237
十月 01, 2015 4:28:25 下午 cc.mallet.fst.CRFOptimizableByLabelLikelihood getValue
信息: getValue() (loglikelihood, optimizable by label likelihood) = -2084.5740884489674
</system-err>
  </testcase>
  <testcase time="0.04" classname="cc.mallet.fst.tests.TestMEMM" name="testSpaceSerializable">
    <error message="sy = 83.87438991729655 &gt; 0" type="cc.mallet.optimize.InvalidOptimizableException">cc.mallet.optimize.InvalidOptimizableException: sy = 83.87438991729655 &gt; 0
	at cc.mallet.optimize.LimitedMemoryBFGS.optimize(LimitedMemoryBFGS.java:201)
	at cc.mallet.fst.MEMMTrainer.train(MEMMTrainer.java:124)
	at cc.mallet.fst.tests.TestMEMM.testSpaceSerializable(TestMEMM.java:150)
	at sun.reflect.NativeMethodAccessorImpl.invoke0(Native Method)
	at sun.reflect.NativeMethodAccessorImpl.invoke(NativeMethodAccessorImpl.java:57)
	at sun.reflect.DelegatingMethodAccessorImpl.invoke(DelegatingMethodAccessorImpl.java:43)
	at java.lang.reflect.Method.invoke(Method.java:606)
	at junit.framework.TestCase.runTest(TestCase.java:168)
	at junit.framework.TestCase.runBare(TestCase.java:134)
	at junit.framework.TestResult$1.protect(TestResult.java:110)
	at junit.framework.TestResult.runProtected(TestResult.java:128)
	at junit.framework.TestResult.run(TestResult.java:113)
	at junit.framework.TestCase.run(TestCase.java:124)
	at junit.framework.TestSuite.runTest(TestSuite.java:243)
	at junit.framework.TestSuite.run(TestSuite.java:238)
	at org.junit.internal.runners.JUnit38ClassRunner.run(JUnit38ClassRunner.java:83)
	at org.apache.maven.surefire.junit4.JUnit4Provider.execute(JUnit4Provider.java:252)
	at org.apache.maven.surefire.junit4.JUnit4Provider.executeTestSet(JUnit4Provider.java:141)
	at org.apache.maven.surefire.junit4.JUnit4Provider.invoke(JUnit4Provider.java:112)
	at sun.reflect.NativeMethodAccessorImpl.invoke0(Native Method)
	at sun.reflect.NativeMethodAccessorImpl.invoke(NativeMethodAccessorImpl.java:57)
	at sun.reflect.DelegatingMethodAccessorImpl.invoke(DelegatingMethodAccessorImpl.java:43)
	at java.lang.reflect.Method.invoke(Method.java:606)
	at org.apache.maven.surefire.util.ReflectionUtils.invokeMethodWithArray(ReflectionUtils.java:189)
	at org.apache.maven.surefire.booter.ProviderFactory$ProviderProxy.invoke(ProviderFactory.java:165)
	at org.apache.maven.surefire.booter.ProviderFactory.invokeProvider(ProviderFactory.java:85)
	at org.apache.maven.surefire.booter.ForkedBooter.runSuitesInProcess(ForkedBooter.java:115)
	at org.apache.maven.surefire.booter.ForkedBooter.main(ForkedBooter.java:75)
</error>
    <system-out>State #0 &quot;start&quot;
initialWeight=0.0, finalWeight=0.0
#destinations=2
-&gt; start
-&gt; notstart
State #1 &quot;notstart&quot;
initialWeight=0.0, finalWeight=0.0
#destinations=2
-&gt; start
-&gt; notstart
State #2 &quot;&lt;START&gt;&quot;
initialWeight=0.0, finalWeight=0.0
#destinations=2
-&gt; start
-&gt; notstart
</system-out>
    <system-err>十月 01, 2015 4:28:25 下午 cc.mallet.fst.CRF addFullyConnectedStatesForLabels
信息: CRF: outputAlphabet.lookup class = java.lang.String
十月 01, 2015 4:28:25 下午 cc.mallet.fst.CRF addFullyConnectedStatesForLabels
信息: CRF: outputAlphabet.lookup class = java.lang.String
十月 01, 2015 4:28:25 下午 cc.mallet.fst.CRF setWeightsDimensionAsIn
信息: CRF weights[start-&gt;start:start] num features = 34
十月 01, 2015 4:28:25 下午 cc.mallet.fst.CRF setWeightsDimensionAsIn
信息: CRF weights[start-&gt;notstart:notstart] num features = 312
十月 01, 2015 4:28:25 下午 cc.mallet.fst.CRF setWeightsDimensionAsIn
信息: CRF weights[notstart-&gt;start:start] num features = 374
十月 01, 2015 4:28:25 下午 cc.mallet.fst.CRF setWeightsDimensionAsIn
信息: CRF weights[notstart-&gt;notstart:notstart] num features = 681
十月 01, 2015 4:28:25 下午 cc.mallet.fst.CRF setWeightsDimensionAsIn
信息: CRF weights[&lt;START&gt;-&gt;start:start] num features = 32
十月 01, 2015 4:28:25 下午 cc.mallet.fst.CRF setWeightsDimensionAsIn
信息: CRF weights[&lt;START&gt;-&gt;notstart:notstart] num features = 0
十月 01, 2015 4:28:25 下午 cc.mallet.fst.CRF setWeightsDimensionAsIn
信息: Number of weights = 1439
十月 01, 2015 4:28:25 下午 cc.mallet.fst.MEMMTrainer train
信息: CRF about to train with 10 iterations
十月 01, 2015 4:28:25 下午 cc.mallet.fst.CRFOptimizableByLabelLikelihood getValue
信息: getValue() (loglikelihood, optimizable by label likelihood) = -2788.5311073927237
十月 01, 2015 4:28:25 下午 cc.mallet.fst.CRFOptimizableByLabelLikelihood getValue
信息: getValue() (loglikelihood, optimizable by label likelihood) = -2084.5740884489674
</system-err>
  </testcase>
</testsuite>